<?xml version="1.0" encoding="UTF-8"?>
<!-- Generated by org.testng.reporters.JUnitReportReporter -->
<testsuite hostname="DESKTOP-NN1R53N" name="com.crm.qa.test.HomePageTest" tests="2" failures="0" timestamp="30 Apr 2022 10:04:42 GMT" time="0.260" errors="0">
  <testcase name="verifyUsernameisDisplayed" time="0.107" classname="com.crm.qa.test.HomePageTest"/>
  <testcase name="verifyHomePageTitleTest" time="0.153" classname="com.crm.qa.test.HomePageTest"/>
</testsuite> <!-- com.crm.qa.test.HomePageTest -->
