<?xml version="1.0" encoding="UTF-8"?>
<!-- Generated by org.testng.reporters.JUnitReportReporter -->
<testsuite hostname="DESKTOP-NN1R53N" name="com.crm.qa.test.LoginPageTest" tests="2" failures="0" timestamp="30 Apr 2022 10:04:42 GMT" time="13.860" errors="0">
  <testcase name="loginPageTitle" time="0.148" classname="com.crm.qa.test.LoginPageTest"/>
  <testcase name="loginTest" time="13.712" classname="com.crm.qa.test.LoginPageTest"/>
</testsuite> <!-- com.crm.qa.test.LoginPageTest -->
