<?xml version="1.0" encoding="UTF-8"?>
<!-- Generated by org.testng.reporters.JUnitReportReporter -->
<testsuite skipped="0" hostname="DESKTOP-NN1R53N" name="com.crm.qa.test.HomePageTest" tests="2" failures="0" timestamp="2022-04-30T16:12:46 IST" time="0.280" errors="0">
  <testcase name="verifyHomePageTitleTest" time="0.039" classname="com.crm.qa.test.HomePageTest"/>
  <system-out/>
  <testcase name="verifyUsernameisDisplayed" time="0.241" classname="com.crm.qa.test.HomePageTest"/>
  <system-out/>
</testsuite> <!-- com.crm.qa.test.HomePageTest -->
