<?xml version="1.0" encoding="UTF-8"?>
<!-- Generated by org.testng.reporters.JUnitReportReporter -->
<testsuite skipped="0" hostname="DESKTOP-NN1R53N" name="com.crm.qa.test.LoginPageTest" tests="2" failures="0" timestamp="2022-04-30T16:12:46 IST" time="25.883" errors="0">
  <testcase name="loginPageTitle" time="0.006" classname="com.crm.qa.test.LoginPageTest"/>
  <system-out/>
  <testcase name="loginTest" time="25.877" classname="com.crm.qa.test.LoginPageTest"/>
  <system-out/>
</testsuite> <!-- com.crm.qa.test.LoginPageTest -->
